{"uuid":"91b55dab-bea2-41a3-8ee8-58edfa99295d","historyId":"174bec30e62fb102c9f85384ef054fab","fullName":"com.ss.ita.rozetka.test.FilterFunctionalityTest.verifyProductsCorrespondsToSelectedFilterOptions","labels":[{"name":"package","value":"com.ss.ita.rozetka.test.FilterFunctionalityTest"},{"name":"testClass","value":"com.ss.ita.rozetka.test.FilterFunctionalityTest"},{"name":"testMethod","value":"verifyProductsCorrespondsToSelectedFilterOptions"},{"name":"parentSuite","value":"Surefire suite"},{"name":"suite","value":"Surefire test"},{"name":"subSuite","value":"com.ss.ita.rozetka.test.FilterFunctionalityTest"},{"name":"host","value":"DESKTOP-UK1UHLE"},{"name":"thread","value":"5632@DESKTOP-UK1UHLE.main(1)"},{"name":"framework","value":"testng"},{"name":"language","value":"java"}],"links":[{"name":"LVTAQC630-53","url":"https://jira.softserve.academy/browse/LVTAQC630-53","type":"tms"}],"name":"verifyProductsCorrespondsToSelectedFilterOptions","status":"failed","statusDetails":{"known":false,"muted":false,"flaky":false,"message":"Element not found {By.xpath: //rz-filter-stack/div[@data-filter-name='gotovo-k-otpravke']//input[@id='Р“РѕС‚РѕРІРёР№ РґРѕ РІС–РґРїСЂР°РІР»РµРЅРЅСЏ']}\r\nExpected: not checked\r\nScreenshot: file:/D:/taras.krasitskyi/IntelliJProjects/Lv-630-TAQC-Java-project/RozetkaAutomation/build/reports/tests/1639572397006.0.png\r\nPage source: file:/D:/taras.krasitskyi/IntelliJProjects/Lv-630-TAQC-Java-project/RozetkaAutomation/build/reports/tests/1639572397006.0.html\r\nTimeout: 120 s.\r\nCaused by: NoSuchElementException: Unable to locate element: //rz-filter-stack/div[@data-filter-name='gotovo-k-otpravke']//input[@id='Р“РѕС‚РѕРІРёР№ РґРѕ РІС–РґРїСЂР°РІР»РµРЅРЅСЏ']","trace":"Element not found {By.xpath: //rz-filter-stack/div[@data-filter-name='gotovo-k-otpravke']//input[@id='Р“РѕС‚РѕРІРёР№ РґРѕ РІС–РґРїСЂР°РІР»РµРЅРЅСЏ']}\r\nExpected: not checked\r\nScreenshot: file:/D:/taras.krasitskyi/IntelliJProjects/Lv-630-TAQC-Java-project/RozetkaAutomation/build/reports/tests/1639572397006.0.png\r\nPage source: file:/D:/taras.krasitskyi/IntelliJProjects/Lv-630-TAQC-Java-project/RozetkaAutomation/build/reports/tests/1639572397006.0.html\r\nTimeout: 120 s.\r\nCaused by: NoSuchElementException: Unable to locate element: //rz-filter-stack/div[@data-filter-name='gotovo-k-otpravke']//input[@id='Р“РѕС‚РѕРІРёР№ РґРѕ РІС–РґРїСЂР°РІР»РµРЅРЅСЏ']\r\n\tat com.codeborne.selenide.impl.WebElementSource.createElementNotFoundError(WebElementSource.java:85)\r\n\tat com.codeborne.selenide.impl.ElementFinder.createElementNotFoundError(ElementFinder.java:122)\r\n\tat com.codeborne.selenide.impl.WebElementSource.checkCondition(WebElementSource.java:121)\r\n\tat com.codeborne.selenide.commands.ShouldNot.execute(ShouldNot.java:30)\r\n\tat com.codeborne.selenide.commands.ShouldNot.execute(ShouldNot.java:14)\r\n\tat com.codeborne.selenide.commands.Commands.execute(Commands.java:155)\r\n\tat com.codeborne.selenide.impl.SelenideElementProxy.dispatchAndRetry(SelenideElementProxy.java:131)\r\n\tat com.codeborne.selenide.impl.SelenideElementProxy.invoke(SelenideElementProxy.java:83)\r\n\tat com.sun.proxy.$Proxy21.shouldNotBe(Unknown Source)\r\n\tat com.ss.ita.rozetka.pageobject.elements.filters.FilterSideBar$Filter.selectOption(FilterSideBar.java:141)\r\n\tat com.ss.ita.rozetka.test.FilterFunctionalityTest.verifyProductsCorrespondsToSelectedFilterOptions(FilterFunctionalityTest.java:160)\r\n\tat java.base/jdk.internal.reflect.NativeMethodAccessorImpl.invoke0(Native Method)\r\n\tat java.base/jdk.internal.reflect.NativeMethodAccessorImpl.invoke(NativeMethodAccessorImpl.java:62)\r\n\tat java.base/jdk.internal.reflect.DelegatingMethodAccessorImpl.invoke(DelegatingMethodAccessorImpl.java:43)\r\n\tat java.base/java.lang.reflect.Method.invoke(Method.java:566)\r\n\tat org.testng.internal.MethodInvocationHelper.invokeMethod(MethodInvocationHelper.java:133)\r\n\tat org.testng.internal.TestInvoker.invokeMethod(TestInvoker.java:598)\r\n\tat org.testng.internal.TestInvoker.invokeTestMethod(TestInvoker.java:173)\r\n\tat org.testng.internal.MethodRunner.runInSequence(MethodRunner.java:46)\r\n\tat org.testng.internal.TestInvoker$MethodInvocationAgent.invoke(TestInvoker.java:824)\r\n\tat org.testng.internal.TestInvoker.invokeTestMethods(TestInvoker.java:146)\r\n\tat org.testng.internal.TestMethodWorker.invokeTestMethods(TestMethodWorker.java:146)\r\n\tat org.testng.internal.TestMethodWorker.run(TestMethodWorker.java:128)\r\n\tat java.base/java.util.ArrayList.forEach(ArrayList.java:1541)\r\n\tat org.testng.TestRunner.privateRun(TestRunner.java:794)\r\n\tat org.testng.TestRunner.run(TestRunner.java:596)\r\n\tat org.testng.SuiteRunner.runTest(SuiteRunner.java:377)\r\n\tat org.testng.SuiteRunner.runSequentially(SuiteRunner.java:371)\r\n\tat org.testng.SuiteRunner.privateRun(SuiteRunner.java:332)\r\n\tat org.testng.SuiteRunner.run(SuiteRunner.java:276)\r\n\tat org.testng.SuiteRunnerWorker.runSuite(SuiteRunnerWorker.java:53)\r\n\tat org.testng.SuiteRunnerWorker.run(SuiteRunnerWorker.java:96)\r\n\tat org.testng.TestNG.runSuitesSequentially(TestNG.java:1212)\r\n\tat org.testng.TestNG.runSuitesLocally(TestNG.java:1134)\r\n\tat org.testng.TestNG.runSuites(TestNG.java:1063)\r\n\tat org.testng.TestNG.run(TestNG.java:1031)\r\n\tat org.apache.maven.surefire.testng.TestNGExecutor.run(TestNGExecutor.java:135)\r\n\tat org.apache.maven.surefire.testng.TestNGDirectoryTestSuite.executeSingleClass(TestNGDirectoryTestSuite.java:112)\r\n\tat org.apache.maven.surefire.testng.TestNGDirectoryTestSuite.execute(TestNGDirectoryTestSuite.java:99)\r\n\tat org.apache.maven.surefire.testng.TestNGProvider.invoke(TestNGProvider.java:146)\r\n\tat org.apache.maven.surefire.booter.ForkedBooter.invokeProviderInSameClassLoader(ForkedBooter.java:386)\r\n\tat org.apache.maven.surefire.booter.ForkedBooter.runSuitesInProcess(ForkedBooter.java:323)\r\n\tat org.apache.maven.surefire.booter.ForkedBooter.main(ForkedBooter.java:143)\r\nCaused by: org.openqa.selenium.NoSuchElementException: Unable to locate element: //rz-filter-stack/div[@data-filter-name='gotovo-k-otpravke']//input[@id='Р“РѕС‚РѕРІРёР№ РґРѕ РІС–РґРїСЂР°РІР»РµРЅРЅСЏ']\nFor documentation on this error, please visit: https://selenium.dev/exceptions/#no_such_element\nBuild info: version: '4.0.0', revision: '3a21814679'\nSystem info: host: 'DESKTOP-UK1UHLE', ip: '192.168.0.108', os.name: 'Windows 10', os.arch: 'amd64', os.version: '10.0', java.version: '11.0.13'\nDriver info: org.openqa.selenium.firefox.FirefoxDriver\nCommand: [ca729385-d8e9-4ff3-a13d-61b6ca6654e4, findElement {using=xpath, value=//rz-filter-stack/div[@data-filter-name='gotovo-k-otpravke']//input[@id='Р“РѕС‚РѕРІРёР№ РґРѕ РІС–РґРїСЂР°РІР»РµРЅРЅСЏ']}]\nCapabilities {acceptInsecureCerts: true, browserName: firefox, browserVersion: 95.0, javascriptEnabled: true, moz:accessibilityChecks: false, moz:buildID: 20211129150630, moz:debuggerAddress: localhost:51275, moz:geckodriverVersion: 0.30.0, moz:headless: false, moz:processID: 5416, moz:profile: C:\\Users\\User\\AppData\\Local..., moz:shutdownTimeout: 60000, moz:useNonSpecCompliantPointerOrigin: false, moz:webdriverClick: true, pageLoadStrategy: normal, platform: WINDOWS, platformName: WINDOWS, platformVersion: 10.0, proxy: Proxy(), se:cdp: ws://localhost:51275/devtoo..., se:cdpVersion: 85, setWindowRect: true, strictFileInteractability: false, timeouts: {implicit: 0, pageLoad: 300000, script: 30000}, unhandledPromptBehavior: dismiss and notify}\nSession ID: ca729385-d8e9-4ff3-a13d-61b6ca6654e4\r\n\tat jdk.internal.reflect.GeneratedConstructorAccessor13.newInstance(Unknown Source)\r\n\tat java.base/jdk.internal.reflect.DelegatingConstructorAccessorImpl.newInstance(DelegatingConstructorAccessorImpl.java:45)\r\n\tat java.base/java.lang.reflect.Constructor.newInstance(Constructor.java:490)\r\n\tat org.openqa.selenium.remote.codec.w3c.W3CHttpResponseCodec.createException(W3CHttpResponseCodec.java:200)\r\n\tat org.openqa.selenium.remote.codec.w3c.W3CHttpResponseCodec.decode(W3CHttpResponseCodec.java:133)\r\n\tat org.openqa.selenium.remote.codec.w3c.W3CHttpResponseCodec.decode(W3CHttpResponseCodec.java:53)\r\n\tat org.openqa.selenium.remote.HttpCommandExecutor.execute(HttpCommandExecutor.java:184)\r\n\tat org.openqa.selenium.remote.service.DriverCommandExecutor.invokeExecute(DriverCommandExecutor.java:164)\r\n\tat org.openqa.selenium.remote.service.DriverCommandExecutor.execute(DriverCommandExecutor.java:139)\r\n\tat org.openqa.selenium.remote.RemoteWebDriver.execute(RemoteWebDriver.java:559)\r\n\tat org.openqa.selenium.remote.ElementLocation$ElementFinder$2.findElement(ElementLocation.java:162)\r\n\tat org.openqa.selenium.remote.ElementLocation.findElement(ElementLocation.java:60)\r\n\tat org.openqa.selenium.remote.RemoteWebDriver.findElement(RemoteWebDriver.java:383)\r\n\tat org.openqa.selenium.remote.RemoteWebDriver.findElement(RemoteWebDriver.java:375)\r\n\tat com.codeborne.selenide.impl.WebElementSelector.findElement(WebElementSelector.java:70)\r\n\tat com.codeborne.selenide.impl.WebElementSelector.findElement(WebElementSelector.java:44)\r\n\tat com.codeborne.selenide.impl.WebElementSelector.findElement(WebElementSelector.java:33)\r\n\tat com.codeborne.selenide.impl.ElementFinder.getWebElement(ElementFinder.java:102)\r\n\tat com.codeborne.selenide.impl.WebElementSource.checkCondition(WebElementSource.java:102)\r\n\t... 40 more\r\n"},"stage":"finished","description":"Verify that after multiply filtering all products corresponds to selected filter options","steps":[{"name":"HomePage: open Rozetka home page","status":"passed","stage":"finished","steps":[],"attachments":[],"parameters":[],"start":1639572170506,"stop":1639572221660},{"name":"Header: change language to UA","status":"passed","stage":"finished","steps":[],"attachments":[],"parameters":[{"name":"language","value":"UA"}],"start":1639572221730,"stop":1639572237256},{"name":"Header: open home page","status":"passed","stage":"finished","steps":[],"attachments":[],"parameters":[],"start":1639572237261,"stop":1639572241361},{"name":"HomePage: open category NOTEBOOKS_AND_COMPUTERS(computers-notebooks)","status":"passed","stage":"finished","steps":[],"attachments":[],"parameters":[{"name":"category","value":"NOTEBOOKS_AND_COMPUTERS(computers-notebooks)"}],"start":1639572241361,"stop":1639572242497},{"name":"ProductCategoryPage: open product type page by category NOTEBOOKS_CATEGORY(c80004)","status":"passed","stage":"finished","steps":[],"attachments":[],"parameters":[{"name":"categoryOrSubCategory","value":"NOTEBOOKS_CATEGORY(c80004)"}],"start":1639572242499,"stop":1639572259463},{"name":"ProductPage: get product type page visibility status by locating page heading","status":"passed","stage":"finished","steps":[],"attachments":[],"parameters":[],"start":1639572259466,"stop":1639572273819},{"name":"FilterSideBar: get filter with name gotovo-k-otpravke","status":"passed","stage":"finished","steps":[],"attachments":[],"parameters":[{"name":"filterName","value":"gotovo-k-otpravke"}],"start":1639572276107,"stop":1639572276959},{"name":"Filter: select option with name Р“РѕС‚РѕРІРёР№ РґРѕ РІС–РґРїСЂР°РІР»РµРЅРЅСЏ","status":"failed","statusDetails":{"known":false,"muted":false,"flaky":false,"message":"Element not found {By.xpath: //rz-filter-stack/div[@data-filter-name='gotovo-k-otpravke']//input[@id='Р“РѕС‚РѕРІРёР№ РґРѕ РІС–РґРїСЂР°РІР»РµРЅРЅСЏ']}\r\nExpected: not checked\r\nScreenshot: file:/D:/taras.krasitskyi/IntelliJProjects/Lv-630-TAQC-Java-project/RozetkaAutomation/build/reports/tests/1639572397006.0.png\r\nPage source: file:/D:/taras.krasitskyi/IntelliJProjects/Lv-630-TAQC-Java-project/RozetkaAutomation/build/reports/tests/1639572397006.0.html\r\nTimeout: 120 s.\r\nCaused by: NoSuchElementException: Unable to locate element: //rz-filter-stack/div[@data-filter-name='gotovo-k-otpravke']//input[@id='Р“РѕС‚РѕРІРёР№ РґРѕ РІС–РґРїСЂР°РІР»РµРЅРЅСЏ']","trace":"Element not found {By.xpath: //rz-filter-stack/div[@data-filter-name='gotovo-k-otpravke']//input[@id='Р“РѕС‚РѕРІРёР№ РґРѕ РІС–РґРїСЂР°РІР»РµРЅРЅСЏ']}\r\nExpected: not checked\r\nScreenshot: file:/D:/taras.krasitskyi/IntelliJProjects/Lv-630-TAQC-Java-project/RozetkaAutomation/build/reports/tests/1639572397006.0.png\r\nPage source: file:/D:/taras.krasitskyi/IntelliJProjects/Lv-630-TAQC-Java-project/RozetkaAutomation/build/reports/tests/1639572397006.0.html\r\nTimeout: 120 s.\r\nCaused by: NoSuchElementException: Unable to locate element: //rz-filter-stack/div[@data-filter-name='gotovo-k-otpravke']//input[@id='Р“РѕС‚РѕРІРёР№ РґРѕ РІС–РґРїСЂР°РІР»РµРЅРЅСЏ']\r\n\tat com.codeborne.selenide.impl.WebElementSource.createElementNotFoundError(WebElementSource.java:85)\r\n\tat com.codeborne.selenide.impl.ElementFinder.createElementNotFoundError(ElementFinder.java:122)\r\n\tat com.codeborne.selenide.impl.WebElementSource.checkCondition(WebElementSource.java:121)\r\n\tat com.codeborne.selenide.commands.ShouldNot.execute(ShouldNot.java:30)\r\n\tat com.codeborne.selenide.commands.ShouldNot.execute(ShouldNot.java:14)\r\n\tat com.codeborne.selenide.commands.Commands.execute(Commands.java:155)\r\n\tat com.codeborne.selenide.impl.SelenideElementProxy.dispatchAndRetry(SelenideElementProxy.java:131)\r\n\tat com.codeborne.selenide.impl.SelenideElementProxy.invoke(SelenideElementProxy.java:83)\r\n\tat com.sun.proxy.$Proxy21.shouldNotBe(Unknown Source)\r\n\tat com.ss.ita.rozetka.pageobject.elements.filters.FilterSideBar$Filter.selectOption(FilterSideBar.java:141)\r\n\tat com.ss.ita.rozetka.test.FilterFunctionalityTest.verifyProductsCorrespondsToSelectedFilterOptions(FilterFunctionalityTest.java:160)\r\n\tat java.base/jdk.internal.reflect.NativeMethodAccessorImpl.invoke0(Native Method)\r\n\tat java.base/jdk.internal.reflect.NativeMethodAccessorImpl.invoke(NativeMethodAccessorImpl.java:62)\r\n\tat java.base/jdk.internal.reflect.DelegatingMethodAccessorImpl.invoke(DelegatingMethodAccessorImpl.java:43)\r\n\tat java.base/java.lang.reflect.Method.invoke(Method.java:566)\r\n\tat org.testng.internal.MethodInvocationHelper.invokeMethod(MethodInvocationHelper.java:133)\r\n\tat org.testng.internal.TestInvoker.invokeMethod(TestInvoker.java:598)\r\n\tat org.testng.internal.TestInvoker.invokeTestMethod(TestInvoker.java:173)\r\n\tat org.testng.internal.MethodRunner.runInSequence(MethodRunner.java:46)\r\n\tat org.testng.internal.TestInvoker$MethodInvocationAgent.invoke(TestInvoker.java:824)\r\n\tat org.testng.internal.TestInvoker.invokeTestMethods(TestInvoker.java:146)\r\n\tat org.testng.internal.TestMethodWorker.invokeTestMethods(TestMethodWorker.java:146)\r\n\tat org.testng.internal.TestMethodWorker.run(TestMethodWorker.java:128)\r\n\tat java.base/java.util.ArrayList.forEach(ArrayList.java:1541)\r\n\tat org.testng.TestRunner.privateRun(TestRunner.java:794)\r\n\tat org.testng.TestRunner.run(TestRunner.java:596)\r\n\tat org.testng.SuiteRunner.runTest(SuiteRunner.java:377)\r\n\tat org.testng.SuiteRunner.runSequentially(SuiteRunner.java:371)\r\n\tat org.testng.SuiteRunner.privateRun(SuiteRunner.java:332)\r\n\tat org.testng.SuiteRunner.run(SuiteRunner.java:276)\r\n\tat org.testng.SuiteRunnerWorker.runSuite(SuiteRunnerWorker.java:53)\r\n\tat org.testng.SuiteRunnerWorker.run(SuiteRunnerWorker.java:96)\r\n\tat org.testng.TestNG.runSuitesSequentially(TestNG.java:1212)\r\n\tat org.testng.TestNG.runSuitesLocally(TestNG.java:1134)\r\n\tat org.testng.TestNG.runSuites(TestNG.java:1063)\r\n\tat org.testng.TestNG.run(TestNG.java:1031)\r\n\tat org.apache.maven.surefire.testng.TestNGExecutor.run(TestNGExecutor.java:135)\r\n\tat org.apache.maven.surefire.testng.TestNGDirectoryTestSuite.executeSingleClass(TestNGDirectoryTestSuite.java:112)\r\n\tat org.apache.maven.surefire.testng.TestNGDirectoryTestSuite.execute(TestNGDirectoryTestSuite.java:99)\r\n\tat org.apache.maven.surefire.testng.TestNGProvider.invoke(TestNGProvider.java:146)\r\n\tat org.apache.maven.surefire.booter.ForkedBooter.invokeProviderInSameClassLoader(ForkedBooter.java:386)\r\n\tat org.apache.maven.surefire.booter.ForkedBooter.runSuitesInProcess(ForkedBooter.java:323)\r\n\tat org.apache.maven.surefire.booter.ForkedBooter.main(ForkedBooter.java:143)\r\nCaused by: org.openqa.selenium.NoSuchElementException: Unable to locate element: //rz-filter-stack/div[@data-filter-name='gotovo-k-otpravke']//input[@id='Р“РѕС‚РѕРІРёР№ РґРѕ РІС–РґРїСЂР°РІР»РµРЅРЅСЏ']\nFor documentation on this error, please visit: https://selenium.dev/exceptions/#no_such_element\nBuild info: version: '4.0.0', revision: '3a21814679'\nSystem info: host: 'DESKTOP-UK1UHLE', ip: '192.168.0.108', os.name: 'Windows 10', os.arch: 'amd64', os.version: '10.0', java.version: '11.0.13'\nDriver info: org.openqa.selenium.firefox.FirefoxDriver\nCommand: [ca729385-d8e9-4ff3-a13d-61b6ca6654e4, findElement {using=xpath, value=//rz-filter-stack/div[@data-filter-name='gotovo-k-otpravke']//input[@id='Р“РѕС‚РѕРІРёР№ РґРѕ РІС–РґРїСЂР°РІР»РµРЅРЅСЏ']}]\nCapabilities {acceptInsecureCerts: true, browserName: firefox, browserVersion: 95.0, javascriptEnabled: true, moz:accessibilityChecks: false, moz:buildID: 20211129150630, moz:debuggerAddress: localhost:51275, moz:geckodriverVersion: 0.30.0, moz:headless: false, moz:processID: 5416, moz:profile: C:\\Users\\User\\AppData\\Local..., moz:shutdownTimeout: 60000, moz:useNonSpecCompliantPointerOrigin: false, moz:webdriverClick: true, pageLoadStrategy: normal, platform: WINDOWS, platformName: WINDOWS, platformVersion: 10.0, proxy: Proxy(), se:cdp: ws://localhost:51275/devtoo..., se:cdpVersion: 85, setWindowRect: true, strictFileInteractability: false, timeouts: {implicit: 0, pageLoad: 300000, script: 30000}, unhandledPromptBehavior: dismiss and notify}\nSession ID: ca729385-d8e9-4ff3-a13d-61b6ca6654e4\r\n\tat jdk.internal.reflect.GeneratedConstructorAccessor13.newInstance(Unknown Source)\r\n\tat java.base/jdk.internal.reflect.DelegatingConstructorAccessorImpl.newInstance(DelegatingConstructorAccessorImpl.java:45)\r\n\tat java.base/java.lang.reflect.Constructor.newInstance(Constructor.java:490)\r\n\tat org.openqa.selenium.remote.codec.w3c.W3CHttpResponseCodec.createException(W3CHttpResponseCodec.java:200)\r\n\tat org.openqa.selenium.remote.codec.w3c.W3CHttpResponseCodec.decode(W3CHttpResponseCodec.java:133)\r\n\tat org.openqa.selenium.remote.codec.w3c.W3CHttpResponseCodec.decode(W3CHttpResponseCodec.java:53)\r\n\tat org.openqa.selenium.remote.HttpCommandExecutor.execute(HttpCommandExecutor.java:184)\r\n\tat org.openqa.selenium.remote.service.DriverCommandExecutor.invokeExecute(DriverCommandExecutor.java:164)\r\n\tat org.openqa.selenium.remote.service.DriverCommandExecutor.execute(DriverCommandExecutor.java:139)\r\n\tat org.openqa.selenium.remote.RemoteWebDriver.execute(RemoteWebDriver.java:559)\r\n\tat org.openqa.selenium.remote.ElementLocation$ElementFinder$2.findElement(ElementLocation.java:162)\r\n\tat org.openqa.selenium.remote.ElementLocation.findElement(ElementLocation.java:60)\r\n\tat org.openqa.selenium.remote.RemoteWebDriver.findElement(RemoteWebDriver.java:383)\r\n\tat org.openqa.selenium.remote.RemoteWebDriver.findElement(RemoteWebDriver.java:375)\r\n\tat com.codeborne.selenide.impl.WebElementSelector.findElement(WebElementSelector.java:70)\r\n\tat com.codeborne.selenide.impl.WebElementSelector.findElement(WebElementSelector.java:44)\r\n\tat com.codeborne.selenide.impl.WebElementSelector.findElement(WebElementSelector.java:33)\r\n\tat com.codeborne.selenide.impl.ElementFinder.getWebElement(ElementFinder.java:102)\r\n\tat com.codeborne.selenide.impl.WebElementSource.checkCondition(WebElementSource.java:102)\r\n\t... 40 more\r\n"},"stage":"finished","steps":[],"attachments":[],"parameters":[{"name":"optionName","value":"Р“РѕС‚РѕРІРёР№ РґРѕ РІС–РґРїСЂР°РІР»РµРЅРЅСЏ"}],"start":1639572276959,"stop":1639572400174}],"attachments":[{"name":"pageScreenshot","source":"72e964d5-53d5-4587-aa4c-aa4e576aad26-attachment","type":"image/png"}],"parameters":[],"start":1639572169709,"stop":1639572400620}