<?xml version="1.0" encoding="UTF-8"?>
<!-- Generated by org.testng.reporters.JUnitXMLReporter -->
<testsuite ignored="1" hostname="DESKTOP-UK1UHLE" failures="8" tests="24" name="All Tests Group" time="1729.166" errors="0" timestamp="2021-12-12T20:42:54 EET">
  <testcase classname="com.ss.ita.rozetka.test.BasketTest" name="verifyChangingProductCountAndRemovingFromBasket" time="178.032"/>
  <testcase classname="com.ss.ita.rozetka.test.BuyProductTest" name="verifyUserCantBuyProductWithInvalidData" time="205.826"/>
  <testcase classname="com.ss.ita.rozetka.test.CatalogModalTest" name="verifyThatCatalogOpensAndCloses" time="103.548"/>
  <testcase classname="com.ss.ita.rozetka.test.BasketTest" name="verifyTotalPriceOfTwoProductsIsCorrect" time="360.342">
    <failure type="com.codeborne.selenide.ex.ElementNotFound" message="Element not found {By.xpath: //button[contains(@class, &amp;apos;modal__close&amp;apos;)]}
Expected: enabled
Screenshot: file:/D:/taras.krasitskyi/IntelliJProjects/Lv-630-TAQC-Java-project/RozetkaAutomation/build/reports/tests/1639333403213.0.png
Page source: file:/D:/taras.krasitskyi/IntelliJProjects/Lv-630-TAQC-Java-project/RozetkaAutomation/build/reports/tests/1639333403213.0.html
Timeout: 240 s.
Caused by: NoSuchElementException: Unable to locate element: //button[contains(@class, &amp;apos;modal__close&amp;apos;)]">
      <![CDATA[Element not found {By.xpath: //button[contains(@class, 'modal__close')]}
Expected: enabled
Screenshot: file:/D:/taras.krasitskyi/IntelliJProjects/Lv-630-TAQC-Java-project/RozetkaAutomation/build/reports/tests/1639333403213.0.png
Page source: file:/D:/taras.krasitskyi/IntelliJProjects/Lv-630-TAQC-Java-project/RozetkaAutomation/build/reports/tests/1639333403213.0.html
Timeout: 240 s.
Caused by: NoSuchElementException: Unable to locate element: //button[contains(@class, 'modal__close')]
at com.codeborne.selenide.impl.WebElementSource.createElementNotFoundError(WebElementSource.java:85)
at com.codeborne.selenide.impl.ElementFinder.createElementNotFoundError(ElementFinder.java:122)
at com.codeborne.selenide.impl.WebElementSource.checkCondition(WebElementSource.java:121)
at com.codeborne.selenide.commands.Should.execute(Should.java:30)
at com.codeborne.selenide.commands.Should.execute(Should.java:14)
at com.codeborne.selenide.commands.Commands.execute(Commands.java:155)
at com.codeborne.selenide.impl.SelenideElementProxy.dispatchAndRetry(SelenideElementProxy.java:131)
at com.codeborne.selenide.impl.SelenideElementProxy.invoke(SelenideElementProxy.java:83)
at com.sun.proxy.$Proxy22.shouldBe(Unknown Source)
at com.ss.ita.rozetka.pageobject.modals.BasketModal.close(BasketModal.java:93)
at com.ss.ita.rozetka.test.BasketTest.verifyTotalPriceOfTwoProductsIsCorrect(BasketTest.java:61)
at java.base/jdk.internal.reflect.NativeMethodAccessorImpl.invoke0(Native Method)
at java.base/jdk.internal.reflect.NativeMethodAccessorImpl.invoke(NativeMethodAccessorImpl.java:62)
at java.base/jdk.internal.reflect.DelegatingMethodAccessorImpl.invoke(DelegatingMethodAccessorImpl.java:43)
at java.base/java.lang.reflect.Method.invoke(Method.java:566)
at org.testng.internal.MethodInvocationHelper.invokeMethod(MethodInvocationHelper.java:133)
at org.testng.internal.TestInvoker.invokeMethod(TestInvoker.java:598)
at org.testng.internal.TestInvoker.invokeTestMethod(TestInvoker.java:173)
at org.testng.internal.MethodRunner.runInSequence(MethodRunner.java:46)
at org.testng.internal.TestInvoker$MethodInvocationAgent.invoke(TestInvoker.java:824)
at org.testng.internal.TestInvoker.invokeTestMethods(TestInvoker.java:146)
at org.testng.internal.TestMethodWorker.invokeTestMethods(TestMethodWorker.java:146)
at org.testng.internal.TestMethodWorker.run(TestMethodWorker.java:128)
at java.base/java.util.concurrent.ThreadPoolExecutor.runWorker(ThreadPoolExecutor.java:1128)
at java.base/java.util.concurrent.ThreadPoolExecutor$Worker.run(ThreadPoolExecutor.java:628)
at java.base/java.lang.Thread.run(Thread.java:834)
Caused by: org.openqa.selenium.NoSuchElementException: Unable to locate element: //button[contains(@class, 'modal__close')]
For documentation on this error, please visit: https://selenium.dev/exceptions/#no_such_element
Build info: version: '4.0.0', revision: '3a21814679'
System info: host: 'DESKTOP-UK1UHLE', ip: '192.168.0.108', os.name: 'Windows 10', os.arch: 'amd64', os.version: '10.0', java.version: '11.0.13'
Driver info: org.openqa.selenium.firefox.FirefoxDriver
Command: [324dfa49-e434-419d-a406-4dccb9f2aaca, findElement {using=xpath, value=//button[contains(@class, 'modal__close')]}]
Capabilities {acceptInsecureCerts: true, browserName: firefox, browserVersion: 95.0, javascriptEnabled: true, moz:accessibilityChecks: false, moz:buildID: 20211129150630, moz:debuggerAddress: localhost:58368, moz:geckodriverVersion: 0.30.0, moz:headless: false, moz:processID: 7248, moz:profile: C:\Users\User\AppData\Local..., moz:shutdownTimeout: 60000, moz:useNonSpecCompliantPointerOrigin: false, moz:webdriverClick: true, pageLoadStrategy: normal, platform: WINDOWS, platformName: WINDOWS, platformVersion: 10.0, proxy: Proxy(), se:cdp: ws://localhost:58368/devtoo..., se:cdpVersion: 85, setWindowRect: true, strictFileInteractability: false, timeouts: {implicit: 0, pageLoad: 300000, script: 30000}, unhandledPromptBehavior: dismiss and notify}
Session ID: 324dfa49-e434-419d-a406-4dccb9f2aaca
at jdk.internal.reflect.GeneratedConstructorAccessor18.newInstance(Unknown Source)
at java.base/jdk.internal.reflect.DelegatingConstructorAccessorImpl.newInstance(DelegatingConstructorAccessorImpl.java:45)
at java.base/java.lang.reflect.Constructor.newInstance(Constructor.java:490)
at org.openqa.selenium.remote.codec.w3c.W3CHttpResponseCodec.createException(W3CHttpResponseCodec.java:200)
at org.openqa.selenium.remote.codec.w3c.W3CHttpResponseCodec.decode(W3CHttpResponseCodec.java:133)
at org.openqa.selenium.remote.codec.w3c.W3CHttpResponseCodec.decode(W3CHttpResponseCodec.java:53)
at org.openqa.selenium.remote.HttpCommandExecutor.execute(HttpCommandExecutor.java:184)
at org.openqa.selenium.remote.service.DriverCommandExecutor.invokeExecute(DriverCommandExecutor.java:164)
at org.openqa.selenium.remote.service.DriverCommandExecutor.execute(DriverCommandExecutor.java:139)
at org.openqa.selenium.remote.RemoteWebDriver.execute(RemoteWebDriver.java:559)
at org.openqa.selenium.remote.ElementLocation$ElementFinder$2.findElement(ElementLocation.java:162)
at org.openqa.selenium.remote.ElementLocation.findElement(ElementLocation.java:60)
at org.openqa.selenium.remote.RemoteWebDriver.findElement(RemoteWebDriver.java:383)
at org.openqa.selenium.remote.RemoteWebDriver.findElement(RemoteWebDriver.java:375)
at com.codeborne.selenide.impl.WebElementSelector.findElement(WebElementSelector.java:70)
at com.codeborne.selenide.impl.WebElementSelector.findElement(WebElementSelector.java:44)
at com.codeborne.selenide.impl.WebElementSelector.findElement(WebElementSelector.java:33)
at com.codeborne.selenide.impl.ElementFinder.getWebElement(ElementFinder.java:102)
at com.codeborne.selenide.impl.WebElementSource.checkCondition(WebElementSource.java:102)
... 23 more
]]>
    </failure>
  </testcase> <!-- verifyTotalPriceOfTwoProductsIsCorrect -->
  <testcase classname="com.ss.ita.rozetka.test.ComparisonTest" name="verifyAddingProductToComparison" time="284.36">
    <failure type="com.codeborne.selenide.ex.ElementNotFound" message="Element not found {By.xpath: //div[contains(@class,&amp;apos;tile-cats&amp;apos;)]//a[contains(@href,&amp;apos;c80004&amp;apos;)]}
Expected: visible or transparent: visible or have css value opacity=0
Screenshot: file:/D:/taras.krasitskyi/IntelliJProjects/Lv-630-TAQC-Java-project/RozetkaAutomation/build/reports/tests/1639333455052.1.png
Page source: file:/D:/taras.krasitskyi/IntelliJProjects/Lv-630-TAQC-Java-project/RozetkaAutomation/build/reports/tests/1639333455052.1.html
Timeout: 240 s.
Caused by: NoSuchElementException: Unable to locate element: //div[contains(@class,&amp;apos;tile-cats&amp;apos;)]//a[contains(@href,&amp;apos;c80004&amp;apos;)]">
      <![CDATA[Element not found {By.xpath: //div[contains(@class,'tile-cats')]//a[contains(@href,'c80004')]}
Expected: visible or transparent: visible or have css value opacity=0
Screenshot: file:/D:/taras.krasitskyi/IntelliJProjects/Lv-630-TAQC-Java-project/RozetkaAutomation/build/reports/tests/1639333455052.1.png
Page source: file:/D:/taras.krasitskyi/IntelliJProjects/Lv-630-TAQC-Java-project/RozetkaAutomation/build/reports/tests/1639333455052.1.html
Timeout: 240 s.
Caused by: NoSuchElementException: Unable to locate element: //div[contains(@class,'tile-cats')]//a[contains(@href,'c80004')]
at com.codeborne.selenide.impl.WebElementSource.createElementNotFoundError(WebElementSource.java:85)
at com.codeborne.selenide.impl.ElementFinder.createElementNotFoundError(ElementFinder.java:122)
at com.codeborne.selenide.impl.WebElementSource.checkCondition(WebElementSource.java:121)
at com.codeborne.selenide.impl.WebElementSource.findAndAssertElementIsInteractable(WebElementSource.java:144)
at com.codeborne.selenide.commands.Click.execute(Click.java:24)
at com.codeborne.selenide.commands.Click.execute(Click.java:16)
at com.codeborne.selenide.commands.Commands.execute(Commands.java:155)
at com.codeborne.selenide.impl.SelenideElementProxy.dispatchAndRetry(SelenideElementProxy.java:131)
at com.codeborne.selenide.impl.SelenideElementProxy.invoke(SelenideElementProxy.java:83)
at com.sun.proxy.$Proxy22.click(Unknown Source)
at com.ss.ita.rozetka.pageobject.pages.ProductCategoryPage.openProductTypePage(ProductCategoryPage.java:14)
at com.ss.ita.rozetka.test.ComparisonTest.verifyAddingProductToComparison(ComparisonTest.java:24)
at java.base/jdk.internal.reflect.NativeMethodAccessorImpl.invoke0(Native Method)
at java.base/jdk.internal.reflect.NativeMethodAccessorImpl.invoke(NativeMethodAccessorImpl.java:62)
at java.base/jdk.internal.reflect.DelegatingMethodAccessorImpl.invoke(DelegatingMethodAccessorImpl.java:43)
at java.base/java.lang.reflect.Method.invoke(Method.java:566)
at org.testng.internal.MethodInvocationHelper.invokeMethod(MethodInvocationHelper.java:133)
at org.testng.internal.TestInvoker.invokeMethod(TestInvoker.java:598)
at org.testng.internal.TestInvoker.invokeTestMethod(TestInvoker.java:173)
at org.testng.internal.MethodRunner.runInSequence(MethodRunner.java:46)
at org.testng.internal.TestInvoker$MethodInvocationAgent.invoke(TestInvoker.java:824)
at org.testng.internal.TestInvoker.invokeTestMethods(TestInvoker.java:146)
at org.testng.internal.TestMethodWorker.invokeTestMethods(TestMethodWorker.java:146)
at org.testng.internal.TestMethodWorker.run(TestMethodWorker.java:128)
at java.base/java.util.concurrent.ThreadPoolExecutor.runWorker(ThreadPoolExecutor.java:1128)
at java.base/java.util.concurrent.ThreadPoolExecutor$Worker.run(ThreadPoolExecutor.java:628)
at java.base/java.lang.Thread.run(Thread.java:834)
Caused by: org.openqa.selenium.NoSuchElementException: Unable to locate element: //div[contains(@class,'tile-cats')]//a[contains(@href,'c80004')]
For documentation on this error, please visit: https://selenium.dev/exceptions/#no_such_element
Build info: version: '4.0.0', revision: '3a21814679'
System info: host: 'DESKTOP-UK1UHLE', ip: '192.168.0.108', os.name: 'Windows 10', os.arch: 'amd64', os.version: '10.0', java.version: '11.0.13'
Driver info: org.openqa.selenium.firefox.FirefoxDriver
Command: [85cf873e-71ad-4034-b410-17ecc9180abd, findElement {using=xpath, value=//div[contains(@class,'tile-cats')]//a[contains(@href,'c80004')]}]
Capabilities {acceptInsecureCerts: true, browserName: firefox, browserVersion: 95.0, javascriptEnabled: true, moz:accessibilityChecks: false, moz:buildID: 20211129150630, moz:debuggerAddress: localhost:53646, moz:geckodriverVersion: 0.30.0, moz:headless: false, moz:processID: 7392, moz:profile: C:\Users\User\AppData\Local..., moz:shutdownTimeout: 60000, moz:useNonSpecCompliantPointerOrigin: false, moz:webdriverClick: true, pageLoadStrategy: normal, platform: WINDOWS, platformName: WINDOWS, platformVersion: 10.0, proxy: Proxy(), se:cdp: ws://localhost:53646/devtoo..., se:cdpVersion: 85, setWindowRect: true, strictFileInteractability: false, timeouts: {implicit: 0, pageLoad: 300000, script: 30000}, unhandledPromptBehavior: dismiss and notify}
Session ID: 85cf873e-71ad-4034-b410-17ecc9180abd
at jdk.internal.reflect.GeneratedConstructorAccessor18.newInstance(Unknown Source)
at java.base/jdk.internal.reflect.DelegatingConstructorAccessorImpl.newInstance(DelegatingConstructorAccessorImpl.java:45)
at java.base/java.lang.reflect.Constructor.newInstance(Constructor.java:490)
at org.openqa.selenium.remote.codec.w3c.W3CHttpResponseCodec.createException(W3CHttpResponseCodec.java:200)
at org.openqa.selenium.remote.codec.w3c.W3CHttpResponseCodec.decode(W3CHttpResponseCodec.java:133)
at org.openqa.selenium.remote.codec.w3c.W3CHttpResponseCodec.decode(W3CHttpResponseCodec.java:53)
at org.openqa.selenium.remote.HttpCommandExecutor.execute(HttpCommandExecutor.java:184)
at org.openqa.selenium.remote.service.DriverCommandExecutor.invokeExecute(DriverCommandExecutor.java:164)
at org.openqa.selenium.remote.service.DriverCommandExecutor.execute(DriverCommandExecutor.java:139)
at org.openqa.selenium.remote.RemoteWebDriver.execute(RemoteWebDriver.java:559)
at org.openqa.selenium.remote.ElementLocation$ElementFinder$2.findElement(ElementLocation.java:162)
at org.openqa.selenium.remote.ElementLocation.findElement(ElementLocation.java:60)
at org.openqa.selenium.remote.RemoteWebDriver.findElement(RemoteWebDriver.java:383)
at org.openqa.selenium.remote.RemoteWebDriver.findElement(RemoteWebDriver.java:375)
at com.codeborne.selenide.impl.WebElementSelector.findElement(WebElementSelector.java:70)
at com.codeborne.selenide.impl.WebElementSelector.findElement(WebElementSelector.java:44)
at com.codeborne.selenide.impl.WebElementSelector.findElement(WebElementSelector.java:33)
at com.codeborne.selenide.impl.ElementFinder.getWebElement(ElementFinder.java:102)
at com.codeborne.selenide.impl.WebElementSource.checkCondition(WebElementSource.java:102)
... 24 more
]]>
    </failure>
  </testcase> <!-- verifyAddingProductToComparison -->
  <testcase classname="com.ss.ita.rozetka.test.BasketTest" name="verifyAddProductFunctionality" time="95.251"/>
  <testcase classname="com.ss.ita.rozetka.test.ComparisonTest" name="verifyAddingProductsFromComparisonPage" time="168.847"/>
  <testcase classname="com.ss.ita.rozetka.test.FilterFunctionalityTest" name="verifyUserCanFilterProducts" time="146.715"/>
  <testcase classname="com.ss.ita.rozetka.test.FilterFunctionalityTest" name="verifyThatPriceFilterIsCorrect" time="120.455"/>
  <testcase classname="com.ss.ita.rozetka.test.LocalizationTest" name="verifyUserCanChangeLanguage" time="36.99"/>
  <testcase classname="com.ss.ita.rozetka.test.LoginModalTest" name="verifyLoginValidationTest" time="34.687"/>
  <testcase classname="com.ss.ita.rozetka.test.FilterTest" name="verifyFilteredProductsAmountIsCorrect" time="277.268">
    <failure type="com.codeborne.selenide.ex.ElementNotFound" message="Element not found {By.xpath: //div[contains(@class,&amp;apos;tile-cats&amp;apos;)]//a[contains(@href,&amp;apos;c80004&amp;apos;)]}
Expected: visible or transparent: visible or have css value opacity=0
Screenshot: file:/D:/taras.krasitskyi/IntelliJProjects/Lv-630-TAQC-Java-project/RozetkaAutomation/build/reports/tests/1639333929364.2.png
Page source: file:/D:/taras.krasitskyi/IntelliJProjects/Lv-630-TAQC-Java-project/RozetkaAutomation/build/reports/tests/1639333929364.2.html
Timeout: 240 s.
Caused by: NoSuchElementException: Unable to locate element: //div[contains(@class,&amp;apos;tile-cats&amp;apos;)]//a[contains(@href,&amp;apos;c80004&amp;apos;)]">
      <![CDATA[Element not found {By.xpath: //div[contains(@class,'tile-cats')]//a[contains(@href,'c80004')]}
Expected: visible or transparent: visible or have css value opacity=0
Screenshot: file:/D:/taras.krasitskyi/IntelliJProjects/Lv-630-TAQC-Java-project/RozetkaAutomation/build/reports/tests/1639333929364.2.png
Page source: file:/D:/taras.krasitskyi/IntelliJProjects/Lv-630-TAQC-Java-project/RozetkaAutomation/build/reports/tests/1639333929364.2.html
Timeout: 240 s.
Caused by: NoSuchElementException: Unable to locate element: //div[contains(@class,'tile-cats')]//a[contains(@href,'c80004')]
at com.codeborne.selenide.impl.WebElementSource.createElementNotFoundError(WebElementSource.java:85)
at com.codeborne.selenide.impl.ElementFinder.createElementNotFoundError(ElementFinder.java:122)
at com.codeborne.selenide.impl.WebElementSource.checkCondition(WebElementSource.java:121)
at com.codeborne.selenide.impl.WebElementSource.findAndAssertElementIsInteractable(WebElementSource.java:144)
at com.codeborne.selenide.commands.Click.execute(Click.java:24)
at com.codeborne.selenide.commands.Click.execute(Click.java:16)
at com.codeborne.selenide.commands.Commands.execute(Commands.java:155)
at com.codeborne.selenide.impl.SelenideElementProxy.dispatchAndRetry(SelenideElementProxy.java:131)
at com.codeborne.selenide.impl.SelenideElementProxy.invoke(SelenideElementProxy.java:83)
at com.sun.proxy.$Proxy22.click(Unknown Source)
at com.ss.ita.rozetka.pageobject.pages.ProductCategoryPage.openProductTypePage(ProductCategoryPage.java:14)
at com.ss.ita.rozetka.test.FilterTest.verifyFilteredProductsAmountIsCorrect(FilterTest.java:22)
at java.base/jdk.internal.reflect.NativeMethodAccessorImpl.invoke0(Native Method)
at java.base/jdk.internal.reflect.NativeMethodAccessorImpl.invoke(NativeMethodAccessorImpl.java:62)
at java.base/jdk.internal.reflect.DelegatingMethodAccessorImpl.invoke(DelegatingMethodAccessorImpl.java:43)
at java.base/java.lang.reflect.Method.invoke(Method.java:566)
at org.testng.internal.MethodInvocationHelper.invokeMethod(MethodInvocationHelper.java:133)
at org.testng.internal.TestInvoker.invokeMethod(TestInvoker.java:598)
at org.testng.internal.TestInvoker.invokeTestMethod(TestInvoker.java:173)
at org.testng.internal.MethodRunner.runInSequence(MethodRunner.java:46)
at org.testng.internal.TestInvoker$MethodInvocationAgent.invoke(TestInvoker.java:824)
at org.testng.internal.TestInvoker.invokeTestMethods(TestInvoker.java:146)
at org.testng.internal.TestMethodWorker.invokeTestMethods(TestMethodWorker.java:146)
at org.testng.internal.TestMethodWorker.run(TestMethodWorker.java:128)
at java.base/java.util.concurrent.ThreadPoolExecutor.runWorker(ThreadPoolExecutor.java:1128)
at java.base/java.util.concurrent.ThreadPoolExecutor$Worker.run(ThreadPoolExecutor.java:628)
at java.base/java.lang.Thread.run(Thread.java:834)
Caused by: org.openqa.selenium.NoSuchElementException: Unable to locate element: //div[contains(@class,'tile-cats')]//a[contains(@href,'c80004')]
For documentation on this error, please visit: https://selenium.dev/exceptions/#no_such_element
Build info: version: '4.0.0', revision: '3a21814679'
System info: host: 'DESKTOP-UK1UHLE', ip: '192.168.0.108', os.name: 'Windows 10', os.arch: 'amd64', os.version: '10.0', java.version: '11.0.13'
Driver info: org.openqa.selenium.firefox.FirefoxDriver
Command: [a8564c3e-a826-458a-85b7-f317fd52c6bd, findElement {using=xpath, value=//div[contains(@class,'tile-cats')]//a[contains(@href,'c80004')]}]
Capabilities {acceptInsecureCerts: true, browserName: firefox, browserVersion: 95.0, javascriptEnabled: true, moz:accessibilityChecks: false, moz:buildID: 20211129150630, moz:debuggerAddress: localhost:51315, moz:geckodriverVersion: 0.30.0, moz:headless: false, moz:processID: 3740, moz:profile: C:\Users\User\AppData\Local..., moz:shutdownTimeout: 60000, moz:useNonSpecCompliantPointerOrigin: false, moz:webdriverClick: true, pageLoadStrategy: normal, platform: WINDOWS, platformName: WINDOWS, platformVersion: 10.0, proxy: Proxy(), se:cdp: ws://localhost:51315/devtoo..., se:cdpVersion: 85, setWindowRect: true, strictFileInteractability: false, timeouts: {implicit: 0, pageLoad: 300000, script: 30000}, unhandledPromptBehavior: dismiss and notify}
Session ID: a8564c3e-a826-458a-85b7-f317fd52c6bd
at jdk.internal.reflect.GeneratedConstructorAccessor18.newInstance(Unknown Source)
at java.base/jdk.internal.reflect.DelegatingConstructorAccessorImpl.newInstance(DelegatingConstructorAccessorImpl.java:45)
at java.base/java.lang.reflect.Constructor.newInstance(Constructor.java:490)
at org.openqa.selenium.remote.codec.w3c.W3CHttpResponseCodec.createException(W3CHttpResponseCodec.java:200)
at org.openqa.selenium.remote.codec.w3c.W3CHttpResponseCodec.decode(W3CHttpResponseCodec.java:133)
at org.openqa.selenium.remote.codec.w3c.W3CHttpResponseCodec.decode(W3CHttpResponseCodec.java:53)
at org.openqa.selenium.remote.HttpCommandExecutor.execute(HttpCommandExecutor.java:184)
at org.openqa.selenium.remote.service.DriverCommandExecutor.invokeExecute(DriverCommandExecutor.java:164)
at org.openqa.selenium.remote.service.DriverCommandExecutor.execute(DriverCommandExecutor.java:139)
at org.openqa.selenium.remote.RemoteWebDriver.execute(RemoteWebDriver.java:559)
at org.openqa.selenium.remote.ElementLocation$ElementFinder$2.findElement(ElementLocation.java:162)
at org.openqa.selenium.remote.ElementLocation.findElement(ElementLocation.java:60)
at org.openqa.selenium.remote.RemoteWebDriver.findElement(RemoteWebDriver.java:383)
at org.openqa.selenium.remote.RemoteWebDriver.findElement(RemoteWebDriver.java:375)
at com.codeborne.selenide.impl.WebElementSelector.findElement(WebElementSelector.java:70)
at com.codeborne.selenide.impl.WebElementSelector.findElement(WebElementSelector.java:44)
at com.codeborne.selenide.impl.WebElementSelector.findElement(WebElementSelector.java:33)
at com.codeborne.selenide.impl.ElementFinder.getWebElement(ElementFinder.java:102)
at com.codeborne.selenide.impl.WebElementSource.checkCondition(WebElementSource.java:102)
... 24 more
]]>
    </failure>
  </testcase> <!-- verifyFilteredProductsAmountIsCorrect -->
  <testcase classname="com.ss.ita.rozetka.test.NavigationTest" name="verifyReturnToHomePage" time="56.848">
    <failure type="org.opentest4j.AssertionFailedError" message="[Home page should be opened] 
expected: &amp;quot;https://rozetka.com.ua/&amp;quot;
 but was: &amp;quot;https://bt.rozetka.com.ua/tehnika-dlya-kuhni/c435974/&amp;quot;">
      <![CDATA[org.opentest4j.AssertionFailedError: [Home page should be opened] 
expected: "https://rozetka.com.ua/"
 but was: "https://bt.rozetka.com.ua/tehnika-dlya-kuhni/c435974/"
at java.base/jdk.internal.reflect.NativeConstructorAccessorImpl.newInstance0(Native Method)
at java.base/jdk.internal.reflect.NativeConstructorAccessorImpl.newInstance(NativeConstructorAccessorImpl.java:62)
at java.base/jdk.internal.reflect.DelegatingConstructorAccessorImpl.newInstance(DelegatingConstructorAccessorImpl.java:45)
at com.ss.ita.rozetka.test.NavigationTest.verifyReturnToHomePage(NavigationTest.java:43)
at java.base/jdk.internal.reflect.NativeMethodAccessorImpl.invoke0(Native Method)
at java.base/jdk.internal.reflect.NativeMethodAccessorImpl.invoke(NativeMethodAccessorImpl.java:62)
at java.base/jdk.internal.reflect.DelegatingMethodAccessorImpl.invoke(DelegatingMethodAccessorImpl.java:43)
at java.base/java.lang.reflect.Method.invoke(Method.java:566)
at org.testng.internal.MethodInvocationHelper.invokeMethod(MethodInvocationHelper.java:133)
at org.testng.internal.TestInvoker.invokeMethod(TestInvoker.java:598)
at org.testng.internal.TestInvoker.invokeTestMethod(TestInvoker.java:173)
at org.testng.internal.MethodRunner.runInSequence(MethodRunner.java:46)
at org.testng.internal.TestInvoker$MethodInvocationAgent.invoke(TestInvoker.java:824)
at org.testng.internal.TestInvoker.invokeTestMethods(TestInvoker.java:146)
at org.testng.internal.TestMethodWorker.invokeTestMethods(TestMethodWorker.java:146)
at org.testng.internal.TestMethodWorker.run(TestMethodWorker.java:128)
at java.base/java.util.concurrent.ThreadPoolExecutor.runWorker(ThreadPoolExecutor.java:1128)
at java.base/java.util.concurrent.ThreadPoolExecutor$Worker.run(ThreadPoolExecutor.java:628)
at java.base/java.lang.Thread.run(Thread.java:834)
]]>
    </failure>
  </testcase> <!-- verifyReturnToHomePage -->
  <testcase classname="com.ss.ita.rozetka.test.FilterTest" name="verifyOptionsAmountDecreasingAfterFilterSelecting" time="90.163"/>
  <testcase classname="com.ss.ita.rozetka.test.OrderingProductsTest" name="verifyOrderingProducts" time="140.494"/>
  <testcase classname="com.ss.ita.rozetka.test.ProductTypePageTest" name="verifyThatProductsArePresentedInNotebookCategory" time="58.82"/>
  <testcase classname="com.ss.ita.rozetka.test.ProductTypePageTest" name="verifyThatProductsArePresentedInTVAccessoriesCategory" time="43.895"/>
  <testcase classname="com.ss.ita.rozetka.test.ProductPageWithProductTest" name="verifyThatProductInformationIsSimilar" time="271.834">
    <failure type="com.codeborne.selenide.ex.ElementNotFound" message="Element not found {By.xpath: //div[contains(@class,&amp;apos;tile-cats&amp;apos;)]//a[contains(@href,&amp;apos;c80004&amp;apos;)]}
Expected: visible or transparent: visible or have css value opacity=0
Screenshot: file:/D:/taras.krasitskyi/IntelliJProjects/Lv-630-TAQC-Java-project/RozetkaAutomation/build/reports/tests/1639334311782.3.png
Page source: file:/D:/taras.krasitskyi/IntelliJProjects/Lv-630-TAQC-Java-project/RozetkaAutomation/build/reports/tests/1639334311782.3.html
Timeout: 240 s.
Caused by: NoSuchElementException: Unable to locate element: //div[contains(@class,&amp;apos;tile-cats&amp;apos;)]//a[contains(@href,&amp;apos;c80004&amp;apos;)]">
      <![CDATA[Element not found {By.xpath: //div[contains(@class,'tile-cats')]//a[contains(@href,'c80004')]}
Expected: visible or transparent: visible or have css value opacity=0
Screenshot: file:/D:/taras.krasitskyi/IntelliJProjects/Lv-630-TAQC-Java-project/RozetkaAutomation/build/reports/tests/1639334311782.3.png
Page source: file:/D:/taras.krasitskyi/IntelliJProjects/Lv-630-TAQC-Java-project/RozetkaAutomation/build/reports/tests/1639334311782.3.html
Timeout: 240 s.
Caused by: NoSuchElementException: Unable to locate element: //div[contains(@class,'tile-cats')]//a[contains(@href,'c80004')]
at com.codeborne.selenide.impl.WebElementSource.createElementNotFoundError(WebElementSource.java:85)
at com.codeborne.selenide.impl.ElementFinder.createElementNotFoundError(ElementFinder.java:122)
at com.codeborne.selenide.impl.WebElementSource.checkCondition(WebElementSource.java:121)
at com.codeborne.selenide.impl.WebElementSource.findAndAssertElementIsInteractable(WebElementSource.java:144)
at com.codeborne.selenide.commands.Click.execute(Click.java:24)
at com.codeborne.selenide.commands.Click.execute(Click.java:16)
at com.codeborne.selenide.commands.Commands.execute(Commands.java:155)
at com.codeborne.selenide.impl.SelenideElementProxy.dispatchAndRetry(SelenideElementProxy.java:131)
at com.codeborne.selenide.impl.SelenideElementProxy.invoke(SelenideElementProxy.java:83)
at com.sun.proxy.$Proxy22.click(Unknown Source)
at com.ss.ita.rozetka.pageobject.pages.ProductCategoryPage.openProductTypePage(ProductCategoryPage.java:14)
at com.ss.ita.rozetka.test.ProductPageWithProductTest.verifyThatProductInformationIsSimilar(ProductPageWithProductTest.java:22)
at java.base/jdk.internal.reflect.NativeMethodAccessorImpl.invoke0(Native Method)
at java.base/jdk.internal.reflect.NativeMethodAccessorImpl.invoke(NativeMethodAccessorImpl.java:62)
at java.base/jdk.internal.reflect.DelegatingMethodAccessorImpl.invoke(DelegatingMethodAccessorImpl.java:43)
at java.base/java.lang.reflect.Method.invoke(Method.java:566)
at org.testng.internal.MethodInvocationHelper.invokeMethod(MethodInvocationHelper.java:133)
at org.testng.internal.TestInvoker.invokeMethod(TestInvoker.java:598)
at org.testng.internal.TestInvoker.invokeTestMethod(TestInvoker.java:173)
at org.testng.internal.MethodRunner.runInSequence(MethodRunner.java:46)
at org.testng.internal.TestInvoker$MethodInvocationAgent.invoke(TestInvoker.java:824)
at org.testng.internal.TestInvoker.invokeTestMethods(TestInvoker.java:146)
at org.testng.internal.TestMethodWorker.invokeTestMethods(TestMethodWorker.java:146)
at org.testng.internal.TestMethodWorker.run(TestMethodWorker.java:128)
at java.base/java.util.concurrent.ThreadPoolExecutor.runWorker(ThreadPoolExecutor.java:1128)
at java.base/java.util.concurrent.ThreadPoolExecutor$Worker.run(ThreadPoolExecutor.java:628)
at java.base/java.lang.Thread.run(Thread.java:834)
Caused by: org.openqa.selenium.NoSuchElementException: Unable to locate element: //div[contains(@class,'tile-cats')]//a[contains(@href,'c80004')]
For documentation on this error, please visit: https://selenium.dev/exceptions/#no_such_element
Build info: version: '4.0.0', revision: '3a21814679'
System info: host: 'DESKTOP-UK1UHLE', ip: '192.168.0.108', os.name: 'Windows 10', os.arch: 'amd64', os.version: '10.0', java.version: '11.0.13'
Driver info: org.openqa.selenium.firefox.FirefoxDriver
Command: [095ad6bd-6ab9-4344-a12c-3c18604e7a44, findElement {using=xpath, value=//div[contains(@class,'tile-cats')]//a[contains(@href,'c80004')]}]
Capabilities {acceptInsecureCerts: true, browserName: firefox, browserVersion: 95.0, javascriptEnabled: true, moz:accessibilityChecks: false, moz:buildID: 20211129150630, moz:debuggerAddress: localhost:50621, moz:geckodriverVersion: 0.30.0, moz:headless: false, moz:processID: 7644, moz:profile: C:\Users\User\AppData\Local..., moz:shutdownTimeout: 60000, moz:useNonSpecCompliantPointerOrigin: false, moz:webdriverClick: true, pageLoadStrategy: normal, platform: WINDOWS, platformName: WINDOWS, platformVersion: 10.0, proxy: Proxy(), se:cdp: ws://localhost:50621/devtoo..., se:cdpVersion: 85, setWindowRect: true, strictFileInteractability: false, timeouts: {implicit: 0, pageLoad: 300000, script: 30000}, unhandledPromptBehavior: dismiss and notify}
Session ID: 095ad6bd-6ab9-4344-a12c-3c18604e7a44
at jdk.internal.reflect.GeneratedConstructorAccessor18.newInstance(Unknown Source)
at java.base/jdk.internal.reflect.DelegatingConstructorAccessorImpl.newInstance(DelegatingConstructorAccessorImpl.java:45)
at java.base/java.lang.reflect.Constructor.newInstance(Constructor.java:490)
at org.openqa.selenium.remote.codec.w3c.W3CHttpResponseCodec.createException(W3CHttpResponseCodec.java:200)
at org.openqa.selenium.remote.codec.w3c.W3CHttpResponseCodec.decode(W3CHttpResponseCodec.java:133)
at org.openqa.selenium.remote.codec.w3c.W3CHttpResponseCodec.decode(W3CHttpResponseCodec.java:53)
at org.openqa.selenium.remote.HttpCommandExecutor.execute(HttpCommandExecutor.java:184)
at org.openqa.selenium.remote.service.DriverCommandExecutor.invokeExecute(DriverCommandExecutor.java:164)
at org.openqa.selenium.remote.service.DriverCommandExecutor.execute(DriverCommandExecutor.java:139)
at org.openqa.selenium.remote.RemoteWebDriver.execute(RemoteWebDriver.java:559)
at org.openqa.selenium.remote.ElementLocation$ElementFinder$2.findElement(ElementLocation.java:162)
at org.openqa.selenium.remote.ElementLocation.findElement(ElementLocation.java:60)
at org.openqa.selenium.remote.RemoteWebDriver.findElement(RemoteWebDriver.java:383)
at org.openqa.selenium.remote.RemoteWebDriver.findElement(RemoteWebDriver.java:375)
at com.codeborne.selenide.impl.WebElementSelector.findElement(WebElementSelector.java:70)
at com.codeborne.selenide.impl.WebElementSelector.findElement(WebElementSelector.java:44)
at com.codeborne.selenide.impl.WebElementSelector.findElement(WebElementSelector.java:33)
at com.codeborne.selenide.impl.ElementFinder.getWebElement(ElementFinder.java:102)
at com.codeborne.selenide.impl.WebElementSource.checkCondition(WebElementSource.java:102)
... 24 more
]]>
    </failure>
  </testcase> <!-- verifyThatProductInformationIsSimilar -->
  <testcase classname="com.ss.ita.rozetka.test.RecentlyViewedProductsTest" name="verifyLastViewedProductAddedToTheList" time="81.304">
    <failure type="org.opentest4j.AssertionFailedError" message="[First product name in Recently Opened products should be equal to last viewed product name] 
expected: &amp;quot;Мясорубка BOSCH MFW3640A&amp;quot;
 but was: &amp;quot;Набор Spell Новогодний комплимент 492 г (4820207313392)&amp;quot;">
      <![CDATA[org.opentest4j.AssertionFailedError: [First product name in Recently Opened products should be equal to last viewed product name] 
expected: "Мясорубка BOSCH MFW3640A"
 but was: "Набор Spell Новогодний комплимент 492 г (4820207313392)"
at java.base/jdk.internal.reflect.NativeConstructorAccessorImpl.newInstance0(Native Method)
at java.base/jdk.internal.reflect.NativeConstructorAccessorImpl.newInstance(NativeConstructorAccessorImpl.java:62)
at java.base/jdk.internal.reflect.DelegatingConstructorAccessorImpl.newInstance(DelegatingConstructorAccessorImpl.java:45)
at com.ss.ita.rozetka.test.RecentlyViewedProductsTest.verifyLastViewedProductAddedToTheList(RecentlyViewedProductsTest.java:52)
at java.base/jdk.internal.reflect.NativeMethodAccessorImpl.invoke0(Native Method)
at java.base/jdk.internal.reflect.NativeMethodAccessorImpl.invoke(NativeMethodAccessorImpl.java:62)
at java.base/jdk.internal.reflect.DelegatingMethodAccessorImpl.invoke(DelegatingMethodAccessorImpl.java:43)
at java.base/java.lang.reflect.Method.invoke(Method.java:566)
at org.testng.internal.MethodInvocationHelper.invokeMethod(MethodInvocationHelper.java:133)
at org.testng.internal.TestInvoker.invokeMethod(TestInvoker.java:598)
at org.testng.internal.TestInvoker.invokeTestMethod(TestInvoker.java:173)
at org.testng.internal.MethodRunner.runInSequence(MethodRunner.java:46)
at org.testng.internal.TestInvoker$MethodInvocationAgent.invoke(TestInvoker.java:824)
at org.testng.internal.TestInvoker.invokeTestMethods(TestInvoker.java:146)
at org.testng.internal.TestMethodWorker.invokeTestMethods(TestMethodWorker.java:146)
at org.testng.internal.TestMethodWorker.run(TestMethodWorker.java:128)
at java.base/java.util.concurrent.ThreadPoolExecutor.runWorker(ThreadPoolExecutor.java:1128)
at java.base/java.util.concurrent.ThreadPoolExecutor$Worker.run(ThreadPoolExecutor.java:628)
at java.base/java.lang.Thread.run(Thread.java:834)
]]>
    </failure>
  </testcase> <!-- verifyLastViewedProductAddedToTheList -->
  <testcase classname="com.ss.ita.rozetka.test.SearchFunctionalityTest" name="verifyXiaomiWillBeInSearchResult" time="65.739"/>
  <testcase classname="com.ss.ita.rozetka.test.SearchFunctionalityTest" name="verifySearchHistoryText" time="46.74">
    <failure type="org.opentest4j.AssertionFailedError" message="[Select sorting type should be displayed] 
Expecting value to be true but was false">
      <![CDATA[org.opentest4j.AssertionFailedError: [Select sorting type should be displayed] 
Expecting value to be true but was false
at java.base/jdk.internal.reflect.NativeConstructorAccessorImpl.newInstance0(Native Method)
at java.base/jdk.internal.reflect.NativeConstructorAccessorImpl.newInstance(NativeConstructorAccessorImpl.java:62)
at java.base/jdk.internal.reflect.DelegatingConstructorAccessorImpl.newInstance(DelegatingConstructorAccessorImpl.java:45)
at com.ss.ita.rozetka.test.SearchFunctionalityTest.verifySearchHistoryText(SearchFunctionalityTest.java:42)
at java.base/jdk.internal.reflect.NativeMethodAccessorImpl.invoke0(Native Method)
at java.base/jdk.internal.reflect.NativeMethodAccessorImpl.invoke(NativeMethodAccessorImpl.java:62)
at java.base/jdk.internal.reflect.DelegatingMethodAccessorImpl.invoke(DelegatingMethodAccessorImpl.java:43)
at java.base/java.lang.reflect.Method.invoke(Method.java:566)
at org.testng.internal.MethodInvocationHelper.invokeMethod(MethodInvocationHelper.java:133)
at org.testng.internal.TestInvoker.invokeMethod(TestInvoker.java:598)
at org.testng.internal.TestInvoker.invokeTestMethod(TestInvoker.java:173)
at org.testng.internal.MethodRunner.runInSequence(MethodRunner.java:46)
at org.testng.internal.TestInvoker$MethodInvocationAgent.invoke(TestInvoker.java:824)
at org.testng.internal.TestInvoker.invokeTestMethods(TestInvoker.java:146)
at org.testng.internal.TestMethodWorker.invokeTestMethods(TestMethodWorker.java:146)
at org.testng.internal.TestMethodWorker.run(TestMethodWorker.java:128)
at java.base/java.util.concurrent.ThreadPoolExecutor.runWorker(ThreadPoolExecutor.java:1128)
at java.base/java.util.concurrent.ThreadPoolExecutor$Worker.run(ThreadPoolExecutor.java:628)
at java.base/java.lang.Thread.run(Thread.java:834)
]]>
    </failure>
  </testcase> <!-- verifySearchHistoryText -->
  <testcase classname="com.ss.ita.rozetka.test.RecentlyViewedProductsTest" name="verifyProductAddedOnlyOnce" time="113.793">
    <failure type="org.opentest4j.AssertionFailedError" message="[First product name in Recently Opened products should be equal to last viewed product name] 
expected: &amp;quot;Мясорубка BOSCH MFW3640A&amp;quot;
 but was: &amp;quot;Набор Spell Новогодний комплимент 492 г (4820207313392)&amp;quot;">
      <![CDATA[org.opentest4j.AssertionFailedError: [First product name in Recently Opened products should be equal to last viewed product name] 
expected: "Мясорубка BOSCH MFW3640A"
 but was: "Набор Spell Новогодний комплимент 492 г (4820207313392)"
at java.base/jdk.internal.reflect.NativeConstructorAccessorImpl.newInstance0(Native Method)
at java.base/jdk.internal.reflect.NativeConstructorAccessorImpl.newInstance(NativeConstructorAccessorImpl.java:62)
at java.base/jdk.internal.reflect.DelegatingConstructorAccessorImpl.newInstance(DelegatingConstructorAccessorImpl.java:45)
at com.ss.ita.rozetka.test.RecentlyViewedProductsTest.verifyProductAddedOnlyOnce(RecentlyViewedProductsTest.java:111)
at java.base/jdk.internal.reflect.NativeMethodAccessorImpl.invoke0(Native Method)
at java.base/jdk.internal.reflect.NativeMethodAccessorImpl.invoke(NativeMethodAccessorImpl.java:62)
at java.base/jdk.internal.reflect.DelegatingMethodAccessorImpl.invoke(DelegatingMethodAccessorImpl.java:43)
at java.base/java.lang.reflect.Method.invoke(Method.java:566)
at org.testng.internal.MethodInvocationHelper.invokeMethod(MethodInvocationHelper.java:133)
at org.testng.internal.TestInvoker.invokeMethod(TestInvoker.java:598)
at org.testng.internal.TestInvoker.invokeTestMethod(TestInvoker.java:173)
at org.testng.internal.MethodRunner.runInSequence(MethodRunner.java:46)
at org.testng.internal.TestInvoker$MethodInvocationAgent.invoke(TestInvoker.java:824)
at org.testng.internal.TestInvoker.invokeTestMethods(TestInvoker.java:146)
at org.testng.internal.TestMethodWorker.invokeTestMethods(TestMethodWorker.java:146)
at org.testng.internal.TestMethodWorker.run(TestMethodWorker.java:128)
at java.base/java.util.concurrent.ThreadPoolExecutor.runWorker(ThreadPoolExecutor.java:1128)
at java.base/java.util.concurrent.ThreadPoolExecutor$Worker.run(ThreadPoolExecutor.java:628)
at java.base/java.lang.Thread.run(Thread.java:834)
]]>
    </failure>
  </testcase> <!-- verifyProductAddedOnlyOnce -->
  <testcase classname="com.ss.ita.rozetka.test.SideModalMenuTest" name="verifySideMenuModalOpensAndCloses" time="37.784"/>
  <testcase classname="com.ss.ita.rozetka.test.SortProductsListTest" name="verifyCheapToExpensiveSorting" time="100.032"/>
  <testcase classname="com.ss.ita.rozetka.test.SideModalMenuTest" name="verifyChangingTown" time="0.0">
    <ignored/>
  </testcase> <!-- verifyChangingTown -->
</testsuite> <!-- All Tests Group -->
