<?xml version="1.0" encoding="UTF-8"?>
<!-- Generated by org.testng.reporters.JUnitXMLReporter -->
<testsuite ignored="1" hostname="DESKTOP-UK1UHLE" failures="1" tests="2" name="kostyra-tests" time="502.693" errors="0" timestamp="2021-12-10T23:27:36 EET">
  <testcase classname="com.ss.ita.rozetka.test.BasketTest" name="verifyChangingProductCountAndRemovingFromBasket" time="135.56"/>
  <testcase classname="com.ss.ita.rozetka.test.BasketTest" name="verifyTotalPriceOfTwoProductsIsCorrect" time="349.145">
    <failure type="com.codeborne.selenide.ex.ElementNotFound" message="Element not found {By.xpath: //button[contains(@class,&amp;apos;buy-button button button_&amp;apos;)]}
Expected: visible or transparent: visible or have css value opacity=0
Screenshot: file:/D:/taras.krasitskyi/IntelliJProjects/Lv-630-TAQC-Java-project/RozetkaAutomation/build/reports/tests/1639171645171.0.png
Page source: file:/D:/taras.krasitskyi/IntelliJProjects/Lv-630-TAQC-Java-project/RozetkaAutomation/build/reports/tests/1639171645171.0.html
Timeout: 240 s.
Caused by: NoSuchElementException: Unable to locate element: //button[contains(@class,&amp;apos;buy-button button button_&amp;apos;)]">
      <![CDATA[Element not found {By.xpath: //button[contains(@class,'buy-button button button_')]}
Expected: visible or transparent: visible or have css value opacity=0
Screenshot: file:/D:/taras.krasitskyi/IntelliJProjects/Lv-630-TAQC-Java-project/RozetkaAutomation/build/reports/tests/1639171645171.0.png
Page source: file:/D:/taras.krasitskyi/IntelliJProjects/Lv-630-TAQC-Java-project/RozetkaAutomation/build/reports/tests/1639171645171.0.html
Timeout: 240 s.
Caused by: NoSuchElementException: Unable to locate element: //button[contains(@class,'buy-button button button_')]
at com.codeborne.selenide.impl.WebElementSource.createElementNotFoundError(WebElementSource.java:85)
at com.codeborne.selenide.impl.ElementFinder.createElementNotFoundError(ElementFinder.java:122)
at com.codeborne.selenide.impl.WebElementSource.checkCondition(WebElementSource.java:121)
at com.codeborne.selenide.impl.WebElementSource.findAndAssertElementIsInteractable(WebElementSource.java:144)
at com.codeborne.selenide.commands.Click.execute(Click.java:24)
at com.codeborne.selenide.commands.Click.execute(Click.java:16)
at com.codeborne.selenide.commands.Commands.execute(Commands.java:155)
at com.codeborne.selenide.impl.SelenideElementProxy.dispatchAndRetry(SelenideElementProxy.java:131)
at com.codeborne.selenide.impl.SelenideElementProxy.invoke(SelenideElementProxy.java:83)
at com.sun.proxy.$Proxy21.click(Unknown Source)
at com.ss.ita.rozetka.pageobject.pages.ProductPage.addProductToBasket(ProductPage.java:21)
at com.ss.ita.rozetka.test.BasketTest.verifyTotalPriceOfTwoProductsIsCorrect(BasketTest.java:70)
at java.base/java.util.concurrent.ThreadPoolExecutor.runWorker(ThreadPoolExecutor.java:1128)
at java.base/java.util.concurrent.ThreadPoolExecutor$Worker.run(ThreadPoolExecutor.java:628)
at java.base/java.lang.Thread.run(Thread.java:834)
Caused by: org.openqa.selenium.NoSuchElementException: Unable to locate element: //button[contains(@class,'buy-button button button_')]
For documentation on this error, please visit: https://selenium.dev/exceptions/#no_such_element
Build info: version: '4.0.0', revision: '3a21814679'
System info: host: 'DESKTOP-UK1UHLE', ip: '192.168.0.108', os.name: 'Windows 10', os.arch: 'amd64', os.version: '10.0', java.version: '11.0.13'
Driver info: org.openqa.selenium.firefox.FirefoxDriver
Command: [fc608b0d-af1e-49d5-b76e-a5b470c44799, findElement {using=xpath, value=//button[contains(@class,'buy-button button button_')]}]
Capabilities {acceptInsecureCerts: true, browserName: firefox, browserVersion: 95.0, javascriptEnabled: true, moz:accessibilityChecks: false, moz:buildID: 20211129150630, moz:debuggerAddress: localhost:50853, moz:geckodriverVersion: 0.30.0, moz:headless: false, moz:processID: 9960, moz:profile: C:\Users\User\AppData\Local..., moz:shutdownTimeout: 60000, moz:useNonSpecCompliantPointerOrigin: false, moz:webdriverClick: true, pageLoadStrategy: normal, platform: WINDOWS, platformName: WINDOWS, platformVersion: 10.0, proxy: Proxy(), se:cdp: ws://localhost:50853/devtoo..., se:cdpVersion: 85, setWindowRect: true, strictFileInteractability: false, timeouts: {implicit: 0, pageLoad: 300000, script: 30000}, unhandledPromptBehavior: dismiss and notify}
Session ID: fc608b0d-af1e-49d5-b76e-a5b470c44799
at org.openqa.selenium.remote.codec.w3c.W3CHttpResponseCodec.createException(W3CHttpResponseCodec.java:200)
at org.openqa.selenium.remote.codec.w3c.W3CHttpResponseCodec.decode(W3CHttpResponseCodec.java:133)
at org.openqa.selenium.remote.codec.w3c.W3CHttpResponseCodec.decode(W3CHttpResponseCodec.java:53)
at org.openqa.selenium.remote.HttpCommandExecutor.execute(HttpCommandExecutor.java:184)
at org.openqa.selenium.remote.service.DriverCommandExecutor.invokeExecute(DriverCommandExecutor.java:164)
at org.openqa.selenium.remote.service.DriverCommandExecutor.execute(DriverCommandExecutor.java:139)
at org.openqa.selenium.remote.RemoteWebDriver.execute(RemoteWebDriver.java:559)
at org.openqa.selenium.remote.ElementLocation$ElementFinder$2.findElement(ElementLocation.java:162)
at org.openqa.selenium.remote.ElementLocation.findElement(ElementLocation.java:60)
at org.openqa.selenium.remote.RemoteWebDriver.findElement(RemoteWebDriver.java:383)
at org.openqa.selenium.remote.RemoteWebDriver.findElement(RemoteWebDriver.java:375)
at com.codeborne.selenide.impl.WebElementSelector.findElement(WebElementSelector.java:70)
at com.codeborne.selenide.impl.WebElementSelector.findElement(WebElementSelector.java:44)
at com.codeborne.selenide.impl.WebElementSelector.findElement(WebElementSelector.java:33)
at com.codeborne.selenide.impl.ElementFinder.getWebElement(ElementFinder.java:102)
at com.codeborne.selenide.impl.WebElementSource.checkCondition(WebElementSource.java:102)
... 24 more
... Removed 15 stack frames]]>
    </failure>
  </testcase> <!-- verifyTotalPriceOfTwoProductsIsCorrect -->
  <testcase classname="com.ss.ita.rozetka.test.BasketTest" name="verifyAddProductFunctionality" time="0.0">
    <ignored/>
  </testcase> <!-- verifyAddProductFunctionality -->
</testsuite> <!-- kostyra-tests -->
