<?xml version="1.0" encoding="UTF-8"?>
<!-- Generated by org.testng.reporters.JUnitReportReporter -->
<testsuite hostname="DESKTOP-UK1UHLE" failures="1" tests="2" name="com.ss.ita.rozetka.test.ComparisonTest" time="477.915" errors="0" timestamp="2021-12-12T20:42:58 EET" skipped="0">
  <testcase classname="com.ss.ita.rozetka.test.ComparisonTest" name="verifyAddingProductToComparison" time="300.058">
    <failure message="Element not found {By.xpath: //div[contains(@class,&#039;tile-cats&#039;)]//a[contains(@href,&#039;c80004&#039;)]}
Expected: visible or transparent: visible or have css value opacity=0
Screenshot: file:/D:/taras.krasitskyi/IntelliJProjects/Lv-630-TAQC-Java-project/RozetkaAutomation/build/reports/tests/1639333455052.1.png
Page source: file:/D:/taras.krasitskyi/IntelliJProjects/Lv-630-TAQC-Java-project/RozetkaAutomation/build/reports/tests/1639333455052.1.html
Timeout: 240 s.
Caused by: NoSuchElementException: Unable to locate element: //div[contains(@class,&#039;tile-cats&#039;)]//a[contains(@href,&#039;c80004&#039;)]" type="com.codeborne.selenide.ex.ElementNotFound">
      <![CDATA[Element not found {By.xpath: //div[contains(@class,'tile-cats')]//a[contains(@href,'c80004')]}
Expected: visible or transparent: visible or have css value opacity=0
Screenshot: file:/D:/taras.krasitskyi/IntelliJProjects/Lv-630-TAQC-Java-project/RozetkaAutomation/build/reports/tests/1639333455052.1.png
Page source: file:/D:/taras.krasitskyi/IntelliJProjects/Lv-630-TAQC-Java-project/RozetkaAutomation/build/reports/tests/1639333455052.1.html
Timeout: 240 s.
Caused by: NoSuchElementException: Unable to locate element: //div[contains(@class,'tile-cats')]//a[contains(@href,'c80004')]
at com.codeborne.selenide.impl.WebElementSource.createElementNotFoundError(WebElementSource.java:85)
at com.codeborne.selenide.impl.ElementFinder.createElementNotFoundError(ElementFinder.java:122)
at com.codeborne.selenide.impl.WebElementSource.checkCondition(WebElementSource.java:121)
at com.codeborne.selenide.impl.WebElementSource.findAndAssertElementIsInteractable(WebElementSource.java:144)
at com.codeborne.selenide.commands.Click.execute(Click.java:24)
at com.codeborne.selenide.commands.Click.execute(Click.java:16)
at com.codeborne.selenide.commands.Commands.execute(Commands.java:155)
at com.codeborne.selenide.impl.SelenideElementProxy.dispatchAndRetry(SelenideElementProxy.java:131)
at com.codeborne.selenide.impl.SelenideElementProxy.invoke(SelenideElementProxy.java:83)
at com.sun.proxy.$Proxy22.click(Unknown Source)
at com.ss.ita.rozetka.pageobject.pages.ProductCategoryPage.openProductTypePage(ProductCategoryPage.java:14)
at com.ss.ita.rozetka.test.ComparisonTest.verifyAddingProductToComparison(ComparisonTest.java:24)
at java.base/jdk.internal.reflect.NativeMethodAccessorImpl.invoke0(Native Method)
at java.base/jdk.internal.reflect.NativeMethodAccessorImpl.invoke(NativeMethodAccessorImpl.java:62)
at java.base/jdk.internal.reflect.DelegatingMethodAccessorImpl.invoke(DelegatingMethodAccessorImpl.java:43)
at java.base/java.lang.reflect.Method.invoke(Method.java:566)
at org.testng.internal.MethodInvocationHelper.invokeMethod(MethodInvocationHelper.java:133)
at org.testng.internal.TestInvoker.invokeMethod(TestInvoker.java:598)
at org.testng.internal.TestInvoker.invokeTestMethod(TestInvoker.java:173)
at org.testng.internal.MethodRunner.runInSequence(MethodRunner.java:46)
at org.testng.internal.TestInvoker$MethodInvocationAgent.invoke(TestInvoker.java:824)
at org.testng.internal.TestInvoker.invokeTestMethods(TestInvoker.java:146)
at org.testng.internal.TestMethodWorker.invokeTestMethods(TestMethodWorker.java:146)
at org.testng.internal.TestMethodWorker.run(TestMethodWorker.java:128)
at java.base/java.util.concurrent.ThreadPoolExecutor.runWorker(ThreadPoolExecutor.java:1128)
at java.base/java.util.concurrent.ThreadPoolExecutor$Worker.run(ThreadPoolExecutor.java:628)
at java.base/java.lang.Thread.run(Thread.java:834)
Caused by: org.openqa.selenium.NoSuchElementException: Unable to locate element: //div[contains(@class,'tile-cats')]//a[contains(@href,'c80004')]
For documentation on this error, please visit: https://selenium.dev/exceptions/#no_such_element
Build info: version: '4.0.0', revision: '3a21814679'
System info: host: 'DESKTOP-UK1UHLE', ip: '192.168.0.108', os.name: 'Windows 10', os.arch: 'amd64', os.version: '10.0', java.version: '11.0.13'
Driver info: org.openqa.selenium.firefox.FirefoxDriver
Command: [85cf873e-71ad-4034-b410-17ecc9180abd, findElement {using=xpath, value=//div[contains(@class,'tile-cats')]//a[contains(@href,'c80004')]}]
Capabilities {acceptInsecureCerts: true, browserName: firefox, browserVersion: 95.0, javascriptEnabled: true, moz:accessibilityChecks: false, moz:buildID: 20211129150630, moz:debuggerAddress: localhost:53646, moz:geckodriverVersion: 0.30.0, moz:headless: false, moz:processID: 7392, moz:profile: C:\Users\User\AppData\Local..., moz:shutdownTimeout: 60000, moz:useNonSpecCompliantPointerOrigin: false, moz:webdriverClick: true, pageLoadStrategy: normal, platform: WINDOWS, platformName: WINDOWS, platformVersion: 10.0, proxy: Proxy(), se:cdp: ws://localhost:53646/devtoo..., se:cdpVersion: 85, setWindowRect: true, strictFileInteractability: false, timeouts: {implicit: 0, pageLoad: 300000, script: 30000}, unhandledPromptBehavior: dismiss and notify}
Session ID: 85cf873e-71ad-4034-b410-17ecc9180abd
at jdk.internal.reflect.GeneratedConstructorAccessor18.newInstance(Unknown Source)
at java.base/jdk.internal.reflect.DelegatingConstructorAccessorImpl.newInstance(DelegatingConstructorAccessorImpl.java:45)
at java.base/java.lang.reflect.Constructor.newInstance(Constructor.java:490)
at org.openqa.selenium.remote.codec.w3c.W3CHttpResponseCodec.createException(W3CHttpResponseCodec.java:200)
at org.openqa.selenium.remote.codec.w3c.W3CHttpResponseCodec.decode(W3CHttpResponseCodec.java:133)
at org.openqa.selenium.remote.codec.w3c.W3CHttpResponseCodec.decode(W3CHttpResponseCodec.java:53)
at org.openqa.selenium.remote.HttpCommandExecutor.execute(HttpCommandExecutor.java:184)
at org.openqa.selenium.remote.service.DriverCommandExecutor.invokeExecute(DriverCommandExecutor.java:164)
at org.openqa.selenium.remote.service.DriverCommandExecutor.execute(DriverCommandExecutor.java:139)
at org.openqa.selenium.remote.RemoteWebDriver.execute(RemoteWebDriver.java:559)
at org.openqa.selenium.remote.ElementLocation$ElementFinder$2.findElement(ElementLocation.java:162)
at org.openqa.selenium.remote.ElementLocation.findElement(ElementLocation.java:60)
at org.openqa.selenium.remote.RemoteWebDriver.findElement(RemoteWebDriver.java:383)
at org.openqa.selenium.remote.RemoteWebDriver.findElement(RemoteWebDriver.java:375)
at com.codeborne.selenide.impl.WebElementSelector.findElement(WebElementSelector.java:70)
at com.codeborne.selenide.impl.WebElementSelector.findElement(WebElementSelector.java:44)
at com.codeborne.selenide.impl.WebElementSelector.findElement(WebElementSelector.java:33)
at com.codeborne.selenide.impl.ElementFinder.getWebElement(ElementFinder.java:102)
at com.codeborne.selenide.impl.WebElementSource.checkCondition(WebElementSource.java:102)
... 24 more
]]>
    </failure>
  </testcase> <!-- verifyAddingProductToComparison -->
  <system-out/>
  <testcase classname="com.ss.ita.rozetka.test.ComparisonTest" name="verifyAddingProductsFromComparisonPage" time="177.857"/>
  <system-out/>
</testsuite> <!-- com.ss.ita.rozetka.test.ComparisonTest -->
